2025-06-15 00:55:52 [ERROR]: Uncaught Exception: Cannot find module './middleware/auth'
Require stack:
- C:\Users\manue\Desktop\Komi\backend\api-gateway\src\index.ts
Error: Cannot find module './middleware/auth'
Require stack:
- C:\Users\manue\Desktop\Komi\backend\api-gateway\src\index.ts
    at node:internal/modules/cjs/loader:1401:15
    at nextResolveSimple (C:\Users\manue\Desktop\Komi\node_modules\tsx\dist\register-D46fvsV_.cjs:4:1004)
    at C:\Users\manue\Desktop\Komi\node_modules\tsx\dist\register-D46fvsV_.cjs:3:2630
    at C:\Users\manue\Desktop\Komi\node_modules\tsx\dist\register-D46fvsV_.cjs:3:1542
    at resolveTsPaths (C:\Users\manue\Desktop\Komi\node_modules\tsx\dist\register-D46fvsV_.cjs:4:760)
    at C:\Users\manue\Desktop\Komi\node_modules\tsx\dist\register-D46fvsV_.cjs:4:1102
    at m._resolveFilename (file:///C:/Users/manue/Desktop/Komi/node_modules/tsx/dist/register-B7jrtLTO.mjs:1:789)
    at defaultResolveImpl (node:internal/modules/cjs/loader:1057:19)
    at resolveForCJSWithHooks (node:internal/modules/cjs/loader:1062:22)
    at Function._load (node:internal/modules/cjs/loader:1211:37)
2025-06-15 00:55:55 [ERROR]: Uncaught Exception: Cannot find module './middleware/auth'
Require stack:
- C:\Users\manue\Desktop\Komi\backend\api-gateway\src\index.ts
Error: Cannot find module './middleware/auth'
Require stack:
- C:\Users\manue\Desktop\Komi\backend\api-gateway\src\index.ts
    at node:internal/modules/cjs/loader:1401:15
    at nextResolveSimple (C:\Users\manue\Desktop\Komi\node_modules\tsx\dist\register-D46fvsV_.cjs:4:1004)
    at C:\Users\manue\Desktop\Komi\node_modules\tsx\dist\register-D46fvsV_.cjs:3:2630
    at C:\Users\manue\Desktop\Komi\node_modules\tsx\dist\register-D46fvsV_.cjs:3:1542
    at resolveTsPaths (C:\Users\manue\Desktop\Komi\node_modules\tsx\dist\register-D46fvsV_.cjs:4:760)
    at C:\Users\manue\Desktop\Komi\node_modules\tsx\dist\register-D46fvsV_.cjs:4:1102
    at m._resolveFilename (file:///C:/Users/manue/Desktop/Komi/node_modules/tsx/dist/register-B7jrtLTO.mjs:1:789)
    at defaultResolveImpl (node:internal/modules/cjs/loader:1057:19)
    at resolveForCJSWithHooks (node:internal/modules/cjs/loader:1062:22)
    at Function._load (node:internal/modules/cjs/loader:1211:37)
2025-06-15 00:55:55 [ERROR]: Uncaught Exception: Cannot find module './middleware/auth'
Require stack:
- C:\Users\manue\Desktop\Komi\backend\api-gateway\src\index.ts
Error: Cannot find module './middleware/auth'
Require stack:
- C:\Users\manue\Desktop\Komi\backend\api-gateway\src\index.ts
    at node:internal/modules/cjs/loader:1401:15
    at nextResolveSimple (C:\Users\manue\Desktop\Komi\node_modules\tsx\dist\register-D46fvsV_.cjs:4:1004)
    at C:\Users\manue\Desktop\Komi\node_modules\tsx\dist\register-D46fvsV_.cjs:3:2630
    at C:\Users\manue\Desktop\Komi\node_modules\tsx\dist\register-D46fvsV_.cjs:3:1542
    at resolveTsPaths (C:\Users\manue\Desktop\Komi\node_modules\tsx\dist\register-D46fvsV_.cjs:4:760)
    at C:\Users\manue\Desktop\Komi\node_modules\tsx\dist\register-D46fvsV_.cjs:4:1102
    at m._resolveFilename (file:///C:/Users/manue/Desktop/Komi/node_modules/tsx/dist/register-B7jrtLTO.mjs:1:789)
    at defaultResolveImpl (node:internal/modules/cjs/loader:1057:19)
    at resolveForCJSWithHooks (node:internal/modules/cjs/loader:1062:22)
    at Function._load (node:internal/modules/cjs/loader:1211:37)
2025-06-15 00:55:55 [ERROR]: Uncaught Exception: Cannot find module './middleware/auth'
Require stack:
- C:\Users\manue\Desktop\Komi\backend\api-gateway\src\index.ts
Error: Cannot find module './middleware/auth'
Require stack:
- C:\Users\manue\Desktop\Komi\backend\api-gateway\src\index.ts
    at node:internal/modules/cjs/loader:1401:15
    at nextResolveSimple (C:\Users\manue\Desktop\Komi\node_modules\tsx\dist\register-D46fvsV_.cjs:4:1004)
    at C:\Users\manue\Desktop\Komi\node_modules\tsx\dist\register-D46fvsV_.cjs:3:2630
    at C:\Users\manue\Desktop\Komi\node_modules\tsx\dist\register-D46fvsV_.cjs:3:1542
    at resolveTsPaths (C:\Users\manue\Desktop\Komi\node_modules\tsx\dist\register-D46fvsV_.cjs:4:760)
    at C:\Users\manue\Desktop\Komi\node_modules\tsx\dist\register-D46fvsV_.cjs:4:1102
    at m._resolveFilename (file:///C:/Users/manue/Desktop/Komi/node_modules/tsx/dist/register-B7jrtLTO.mjs:1:789)
    at defaultResolveImpl (node:internal/modules/cjs/loader:1057:19)
    at resolveForCJSWithHooks (node:internal/modules/cjs/loader:1062:22)
    at Function._load (node:internal/modules/cjs/loader:1211:37)
2025-06-15 00:56:07 [ERROR]: Uncaught Exception: Cannot find module './middleware/auth'
Require stack:
- C:\Users\manue\Desktop\Komi\backend\api-gateway\src\index.ts
Error: Cannot find module './middleware/auth'
Require stack:
- C:\Users\manue\Desktop\Komi\backend\api-gateway\src\index.ts
    at node:internal/modules/cjs/loader:1401:15
    at nextResolveSimple (C:\Users\manue\Desktop\Komi\node_modules\tsx\dist\register-D46fvsV_.cjs:4:1004)
    at C:\Users\manue\Desktop\Komi\node_modules\tsx\dist\register-D46fvsV_.cjs:3:2630
    at C:\Users\manue\Desktop\Komi\node_modules\tsx\dist\register-D46fvsV_.cjs:3:1542
    at resolveTsPaths (C:\Users\manue\Desktop\Komi\node_modules\tsx\dist\register-D46fvsV_.cjs:4:760)
    at C:\Users\manue\Desktop\Komi\node_modules\tsx\dist\register-D46fvsV_.cjs:4:1102
    at m._resolveFilename (file:///C:/Users/manue/Desktop/Komi/node_modules/tsx/dist/register-B7jrtLTO.mjs:1:789)
    at defaultResolveImpl (node:internal/modules/cjs/loader:1057:19)
    at resolveForCJSWithHooks (node:internal/modules/cjs/loader:1062:22)
    at Function._load (node:internal/modules/cjs/loader:1211:37)
2025-06-15 00:56:07 [ERROR]: Uncaught Exception: Cannot find module './middleware/auth'
Require stack:
- C:\Users\manue\Desktop\Komi\backend\api-gateway\src\index.ts
Error: Cannot find module './middleware/auth'
Require stack:
- C:\Users\manue\Desktop\Komi\backend\api-gateway\src\index.ts
    at node:internal/modules/cjs/loader:1401:15
    at nextResolveSimple (C:\Users\manue\Desktop\Komi\node_modules\tsx\dist\register-D46fvsV_.cjs:4:1004)
    at C:\Users\manue\Desktop\Komi\node_modules\tsx\dist\register-D46fvsV_.cjs:3:2630
    at C:\Users\manue\Desktop\Komi\node_modules\tsx\dist\register-D46fvsV_.cjs:3:1542
    at resolveTsPaths (C:\Users\manue\Desktop\Komi\node_modules\tsx\dist\register-D46fvsV_.cjs:4:760)
    at C:\Users\manue\Desktop\Komi\node_modules\tsx\dist\register-D46fvsV_.cjs:4:1102
    at m._resolveFilename (file:///C:/Users/manue/Desktop/Komi/node_modules/tsx/dist/register-B7jrtLTO.mjs:1:789)
    at defaultResolveImpl (node:internal/modules/cjs/loader:1057:19)
    at resolveForCJSWithHooks (node:internal/modules/cjs/loader:1062:22)
    at Function._load (node:internal/modules/cjs/loader:1211:37)
2025-06-15 00:56:07 [ERROR]: Uncaught Exception: Cannot find module './middleware/auth'
Require stack:
- C:\Users\manue\Desktop\Komi\backend\api-gateway\src\index.ts
Error: Cannot find module './middleware/auth'
Require stack:
- C:\Users\manue\Desktop\Komi\backend\api-gateway\src\index.ts
    at node:internal/modules/cjs/loader:1401:15
    at nextResolveSimple (C:\Users\manue\Desktop\Komi\node_modules\tsx\dist\register-D46fvsV_.cjs:4:1004)
    at C:\Users\manue\Desktop\Komi\node_modules\tsx\dist\register-D46fvsV_.cjs:3:2630
    at C:\Users\manue\Desktop\Komi\node_modules\tsx\dist\register-D46fvsV_.cjs:3:1542
    at resolveTsPaths (C:\Users\manue\Desktop\Komi\node_modules\tsx\dist\register-D46fvsV_.cjs:4:760)
    at C:\Users\manue\Desktop\Komi\node_modules\tsx\dist\register-D46fvsV_.cjs:4:1102
    at m._resolveFilename (file:///C:/Users/manue/Desktop/Komi/node_modules/tsx/dist/register-B7jrtLTO.mjs:1:789)
    at defaultResolveImpl (node:internal/modules/cjs/loader:1057:19)
    at resolveForCJSWithHooks (node:internal/modules/cjs/loader:1062:22)
    at Function._load (node:internal/modules/cjs/loader:1211:37)
2025-06-15 00:56:08 [ERROR]: Uncaught Exception: Cannot find module './middleware/auth'
Require stack:
- C:\Users\manue\Desktop\Komi\backend\api-gateway\src\index.ts
Error: Cannot find module './middleware/auth'
Require stack:
- C:\Users\manue\Desktop\Komi\backend\api-gateway\src\index.ts
    at node:internal/modules/cjs/loader:1401:15
    at nextResolveSimple (C:\Users\manue\Desktop\Komi\node_modules\tsx\dist\register-D46fvsV_.cjs:4:1004)
    at C:\Users\manue\Desktop\Komi\node_modules\tsx\dist\register-D46fvsV_.cjs:3:2630
    at C:\Users\manue\Desktop\Komi\node_modules\tsx\dist\register-D46fvsV_.cjs:3:1542
    at resolveTsPaths (C:\Users\manue\Desktop\Komi\node_modules\tsx\dist\register-D46fvsV_.cjs:4:760)
    at C:\Users\manue\Desktop\Komi\node_modules\tsx\dist\register-D46fvsV_.cjs:4:1102
    at m._resolveFilename (file:///C:/Users/manue/Desktop/Komi/node_modules/tsx/dist/register-B7jrtLTO.mjs:1:789)
    at defaultResolveImpl (node:internal/modules/cjs/loader:1057:19)
    at resolveForCJSWithHooks (node:internal/modules/cjs/loader:1062:22)
    at Function._load (node:internal/modules/cjs/loader:1211:37)
2025-06-15 00:56:08 [ERROR]: Uncaught Exception: Cannot find module './middleware/auth'
Require stack:
- C:\Users\manue\Desktop\Komi\backend\api-gateway\src\index.ts
Error: Cannot find module './middleware/auth'
Require stack:
- C:\Users\manue\Desktop\Komi\backend\api-gateway\src\index.ts
    at node:internal/modules/cjs/loader:1401:15
    at nextResolveSimple (C:\Users\manue\Desktop\Komi\node_modules\tsx\dist\register-D46fvsV_.cjs:4:1004)
    at C:\Users\manue\Desktop\Komi\node_modules\tsx\dist\register-D46fvsV_.cjs:3:2630
    at C:\Users\manue\Desktop\Komi\node_modules\tsx\dist\register-D46fvsV_.cjs:3:1542
    at resolveTsPaths (C:\Users\manue\Desktop\Komi\node_modules\tsx\dist\register-D46fvsV_.cjs:4:760)
    at C:\Users\manue\Desktop\Komi\node_modules\tsx\dist\register-D46fvsV_.cjs:4:1102
    at m._resolveFilename (file:///C:/Users/manue/Desktop/Komi/node_modules/tsx/dist/register-B7jrtLTO.mjs:1:789)
    at defaultResolveImpl (node:internal/modules/cjs/loader:1057:19)
    at resolveForCJSWithHooks (node:internal/modules/cjs/loader:1062:22)
    at Function._load (node:internal/modules/cjs/loader:1211:37)
2025-06-15 00:56:08 [ERROR]: Uncaught Exception: Cannot find module './middleware/auth'
Require stack:
- C:\Users\manue\Desktop\Komi\backend\api-gateway\src\index.ts
Error: Cannot find module './middleware/auth'
Require stack:
- C:\Users\manue\Desktop\Komi\backend\api-gateway\src\index.ts
    at node:internal/modules/cjs/loader:1401:15
    at nextResolveSimple (C:\Users\manue\Desktop\Komi\node_modules\tsx\dist\register-D46fvsV_.cjs:4:1004)
    at C:\Users\manue\Desktop\Komi\node_modules\tsx\dist\register-D46fvsV_.cjs:3:2630
    at C:\Users\manue\Desktop\Komi\node_modules\tsx\dist\register-D46fvsV_.cjs:3:1542
    at resolveTsPaths (C:\Users\manue\Desktop\Komi\node_modules\tsx\dist\register-D46fvsV_.cjs:4:760)
    at C:\Users\manue\Desktop\Komi\node_modules\tsx\dist\register-D46fvsV_.cjs:4:1102
    at m._resolveFilename (file:///C:/Users/manue/Desktop/Komi/node_modules/tsx/dist/register-B7jrtLTO.mjs:1:789)
    at defaultResolveImpl (node:internal/modules/cjs/loader:1057:19)
    at resolveForCJSWithHooks (node:internal/modules/cjs/loader:1062:22)
    at Function._load (node:internal/modules/cjs/loader:1211:37)
2025-06-15 00:56:09 [ERROR]: Uncaught Exception: Cannot find module './middleware/auth'
Require stack:
- C:\Users\manue\Desktop\Komi\backend\api-gateway\src\index.ts
Error: Cannot find module './middleware/auth'
Require stack:
- C:\Users\manue\Desktop\Komi\backend\api-gateway\src\index.ts
    at node:internal/modules/cjs/loader:1401:15
    at nextResolveSimple (C:\Users\manue\Desktop\Komi\node_modules\tsx\dist\register-D46fvsV_.cjs:4:1004)
    at C:\Users\manue\Desktop\Komi\node_modules\tsx\dist\register-D46fvsV_.cjs:3:2630
    at C:\Users\manue\Desktop\Komi\node_modules\tsx\dist\register-D46fvsV_.cjs:3:1542
    at resolveTsPaths (C:\Users\manue\Desktop\Komi\node_modules\tsx\dist\register-D46fvsV_.cjs:4:760)
    at C:\Users\manue\Desktop\Komi\node_modules\tsx\dist\register-D46fvsV_.cjs:4:1102
    at m._resolveFilename (file:///C:/Users/manue/Desktop/Komi/node_modules/tsx/dist/register-B7jrtLTO.mjs:1:789)
    at defaultResolveImpl (node:internal/modules/cjs/loader:1057:19)
    at resolveForCJSWithHooks (node:internal/modules/cjs/loader:1062:22)
    at Function._load (node:internal/modules/cjs/loader:1211:37)
2025-06-15 00:56:10 [ERROR]: Uncaught Exception: Cannot find module './middleware/auth'
Require stack:
- C:\Users\manue\Desktop\Komi\backend\api-gateway\src\index.ts
Error: Cannot find module './middleware/auth'
Require stack:
- C:\Users\manue\Desktop\Komi\backend\api-gateway\src\index.ts
    at node:internal/modules/cjs/loader:1401:15
    at nextResolveSimple (C:\Users\manue\Desktop\Komi\node_modules\tsx\dist\register-D46fvsV_.cjs:4:1004)
    at C:\Users\manue\Desktop\Komi\node_modules\tsx\dist\register-D46fvsV_.cjs:3:2630
    at C:\Users\manue\Desktop\Komi\node_modules\tsx\dist\register-D46fvsV_.cjs:3:1542
    at resolveTsPaths (C:\Users\manue\Desktop\Komi\node_modules\tsx\dist\register-D46fvsV_.cjs:4:760)
    at C:\Users\manue\Desktop\Komi\node_modules\tsx\dist\register-D46fvsV_.cjs:4:1102
    at m._resolveFilename (file:///C:/Users/manue/Desktop/Komi/node_modules/tsx/dist/register-B7jrtLTO.mjs:1:789)
    at defaultResolveImpl (node:internal/modules/cjs/loader:1057:19)
    at resolveForCJSWithHooks (node:internal/modules/cjs/loader:1062:22)
    at Function._load (node:internal/modules/cjs/loader:1211:37)
2025-06-15 00:56:10 [ERROR]: Uncaught Exception: Cannot find module './middleware/auth'
Require stack:
- C:\Users\manue\Desktop\Komi\backend\api-gateway\src\index.ts
Error: Cannot find module './middleware/auth'
Require stack:
- C:\Users\manue\Desktop\Komi\backend\api-gateway\src\index.ts
    at node:internal/modules/cjs/loader:1401:15
    at nextResolveSimple (C:\Users\manue\Desktop\Komi\node_modules\tsx\dist\register-D46fvsV_.cjs:4:1004)
    at C:\Users\manue\Desktop\Komi\node_modules\tsx\dist\register-D46fvsV_.cjs:3:2630
    at C:\Users\manue\Desktop\Komi\node_modules\tsx\dist\register-D46fvsV_.cjs:3:1542
    at resolveTsPaths (C:\Users\manue\Desktop\Komi\node_modules\tsx\dist\register-D46fvsV_.cjs:4:760)
    at C:\Users\manue\Desktop\Komi\node_modules\tsx\dist\register-D46fvsV_.cjs:4:1102
    at m._resolveFilename (file:///C:/Users/manue/Desktop/Komi/node_modules/tsx/dist/register-B7jrtLTO.mjs:1:789)
    at defaultResolveImpl (node:internal/modules/cjs/loader:1057:19)
    at resolveForCJSWithHooks (node:internal/modules/cjs/loader:1062:22)
    at Function._load (node:internal/modules/cjs/loader:1211:37)
2025-06-15 00:56:42 [ERROR]: Uncaught Exception: Cannot find module './middleware/auth'
Require stack:
- C:\Users\manue\Desktop\Komi\backend\api-gateway\src\index.ts
Error: Cannot find module './middleware/auth'
Require stack:
- C:\Users\manue\Desktop\Komi\backend\api-gateway\src\index.ts
    at node:internal/modules/cjs/loader:1401:15
    at nextResolveSimple (C:\Users\manue\Desktop\Komi\node_modules\tsx\dist\register-D46fvsV_.cjs:4:1004)
    at C:\Users\manue\Desktop\Komi\node_modules\tsx\dist\register-D46fvsV_.cjs:3:2630
    at C:\Users\manue\Desktop\Komi\node_modules\tsx\dist\register-D46fvsV_.cjs:3:1542
    at resolveTsPaths (C:\Users\manue\Desktop\Komi\node_modules\tsx\dist\register-D46fvsV_.cjs:4:760)
    at C:\Users\manue\Desktop\Komi\node_modules\tsx\dist\register-D46fvsV_.cjs:4:1102
    at m._resolveFilename (file:///C:/Users/manue/Desktop/Komi/node_modules/tsx/dist/register-B7jrtLTO.mjs:1:789)
    at defaultResolveImpl (node:internal/modules/cjs/loader:1057:19)
    at resolveForCJSWithHooks (node:internal/modules/cjs/loader:1062:22)
    at Function._load (node:internal/modules/cjs/loader:1211:37)
2025-06-15 00:56:42 [ERROR]: Uncaught Exception: Cannot find module './middleware/auth'
Require stack:
- C:\Users\manue\Desktop\Komi\backend\api-gateway\src\index.ts
Error: Cannot find module './middleware/auth'
Require stack:
- C:\Users\manue\Desktop\Komi\backend\api-gateway\src\index.ts
    at node:internal/modules/cjs/loader:1401:15
    at nextResolveSimple (C:\Users\manue\Desktop\Komi\node_modules\tsx\dist\register-D46fvsV_.cjs:4:1004)
    at C:\Users\manue\Desktop\Komi\node_modules\tsx\dist\register-D46fvsV_.cjs:3:2630
    at C:\Users\manue\Desktop\Komi\node_modules\tsx\dist\register-D46fvsV_.cjs:3:1542
    at resolveTsPaths (C:\Users\manue\Desktop\Komi\node_modules\tsx\dist\register-D46fvsV_.cjs:4:760)
    at C:\Users\manue\Desktop\Komi\node_modules\tsx\dist\register-D46fvsV_.cjs:4:1102
    at m._resolveFilename (file:///C:/Users/manue/Desktop/Komi/node_modules/tsx/dist/register-B7jrtLTO.mjs:1:789)
    at defaultResolveImpl (node:internal/modules/cjs/loader:1057:19)
    at resolveForCJSWithHooks (node:internal/modules/cjs/loader:1062:22)
    at Function._load (node:internal/modules/cjs/loader:1211:37)
2025-06-15 00:56:42 [ERROR]: Uncaught Exception: Cannot find module './middleware/auth'
Require stack:
- C:\Users\manue\Desktop\Komi\backend\api-gateway\src\index.ts
Error: Cannot find module './middleware/auth'
Require stack:
- C:\Users\manue\Desktop\Komi\backend\api-gateway\src\index.ts
    at node:internal/modules/cjs/loader:1401:15
    at nextResolveSimple (C:\Users\manue\Desktop\Komi\node_modules\tsx\dist\register-D46fvsV_.cjs:4:1004)
    at C:\Users\manue\Desktop\Komi\node_modules\tsx\dist\register-D46fvsV_.cjs:3:2630
    at C:\Users\manue\Desktop\Komi\node_modules\tsx\dist\register-D46fvsV_.cjs:3:1542
    at resolveTsPaths (C:\Users\manue\Desktop\Komi\node_modules\tsx\dist\register-D46fvsV_.cjs:4:760)
    at C:\Users\manue\Desktop\Komi\node_modules\tsx\dist\register-D46fvsV_.cjs:4:1102
    at m._resolveFilename (file:///C:/Users/manue/Desktop/Komi/node_modules/tsx/dist/register-B7jrtLTO.mjs:1:789)
    at defaultResolveImpl (node:internal/modules/cjs/loader:1057:19)
    at resolveForCJSWithHooks (node:internal/modules/cjs/loader:1062:22)
    at Function._load (node:internal/modules/cjs/loader:1211:37)
2025-06-15 00:56:43 [ERROR]: Uncaught Exception: Cannot find module './middleware/auth'
Require stack:
- C:\Users\manue\Desktop\Komi\backend\api-gateway\src\index.ts
Error: Cannot find module './middleware/auth'
Require stack:
- C:\Users\manue\Desktop\Komi\backend\api-gateway\src\index.ts
    at node:internal/modules/cjs/loader:1401:15
    at nextResolveSimple (C:\Users\manue\Desktop\Komi\node_modules\tsx\dist\register-D46fvsV_.cjs:4:1004)
    at C:\Users\manue\Desktop\Komi\node_modules\tsx\dist\register-D46fvsV_.cjs:3:2630
    at C:\Users\manue\Desktop\Komi\node_modules\tsx\dist\register-D46fvsV_.cjs:3:1542
    at resolveTsPaths (C:\Users\manue\Desktop\Komi\node_modules\tsx\dist\register-D46fvsV_.cjs:4:760)
    at C:\Users\manue\Desktop\Komi\node_modules\tsx\dist\register-D46fvsV_.cjs:4:1102
    at m._resolveFilename (file:///C:/Users/manue/Desktop/Komi/node_modules/tsx/dist/register-B7jrtLTO.mjs:1:789)
    at defaultResolveImpl (node:internal/modules/cjs/loader:1057:19)
    at resolveForCJSWithHooks (node:internal/modules/cjs/loader:1062:22)
    at Function._load (node:internal/modules/cjs/loader:1211:37)
2025-06-15 00:56:44 [ERROR]: Uncaught Exception: Cannot find module './middleware/auth'
Require stack:
- C:\Users\manue\Desktop\Komi\backend\api-gateway\src\index.ts
Error: Cannot find module './middleware/auth'
Require stack:
- C:\Users\manue\Desktop\Komi\backend\api-gateway\src\index.ts
    at node:internal/modules/cjs/loader:1401:15
    at nextResolveSimple (C:\Users\manue\Desktop\Komi\node_modules\tsx\dist\register-D46fvsV_.cjs:4:1004)
    at C:\Users\manue\Desktop\Komi\node_modules\tsx\dist\register-D46fvsV_.cjs:3:2630
    at C:\Users\manue\Desktop\Komi\node_modules\tsx\dist\register-D46fvsV_.cjs:3:1542
    at resolveTsPaths (C:\Users\manue\Desktop\Komi\node_modules\tsx\dist\register-D46fvsV_.cjs:4:760)
    at C:\Users\manue\Desktop\Komi\node_modules\tsx\dist\register-D46fvsV_.cjs:4:1102
    at m._resolveFilename (file:///C:/Users/manue/Desktop/Komi/node_modules/tsx/dist/register-B7jrtLTO.mjs:1:789)
    at defaultResolveImpl (node:internal/modules/cjs/loader:1057:19)
    at resolveForCJSWithHooks (node:internal/modules/cjs/loader:1062:22)
    at Function._load (node:internal/modules/cjs/loader:1211:37)
2025-06-15 00:56:44 [ERROR]: Uncaught Exception: Cannot find module './middleware/auth'
Require stack:
- C:\Users\manue\Desktop\Komi\backend\api-gateway\src\index.ts
Error: Cannot find module './middleware/auth'
Require stack:
- C:\Users\manue\Desktop\Komi\backend\api-gateway\src\index.ts
    at node:internal/modules/cjs/loader:1401:15
    at nextResolveSimple (C:\Users\manue\Desktop\Komi\node_modules\tsx\dist\register-D46fvsV_.cjs:4:1004)
    at C:\Users\manue\Desktop\Komi\node_modules\tsx\dist\register-D46fvsV_.cjs:3:2630
    at C:\Users\manue\Desktop\Komi\node_modules\tsx\dist\register-D46fvsV_.cjs:3:1542
    at resolveTsPaths (C:\Users\manue\Desktop\Komi\node_modules\tsx\dist\register-D46fvsV_.cjs:4:760)
    at C:\Users\manue\Desktop\Komi\node_modules\tsx\dist\register-D46fvsV_.cjs:4:1102
    at m._resolveFilename (file:///C:/Users/manue/Desktop/Komi/node_modules/tsx/dist/register-B7jrtLTO.mjs:1:789)
    at defaultResolveImpl (node:internal/modules/cjs/loader:1057:19)
    at resolveForCJSWithHooks (node:internal/modules/cjs/loader:1062:22)
    at Function._load (node:internal/modules/cjs/loader:1211:37)
2025-06-15 00:56:44 [ERROR]: Uncaught Exception: Cannot find module './middleware/auth'
Require stack:
- C:\Users\manue\Desktop\Komi\backend\api-gateway\src\index.ts
Error: Cannot find module './middleware/auth'
Require stack:
- C:\Users\manue\Desktop\Komi\backend\api-gateway\src\index.ts
    at node:internal/modules/cjs/loader:1401:15
    at nextResolveSimple (C:\Users\manue\Desktop\Komi\node_modules\tsx\dist\register-D46fvsV_.cjs:4:1004)
    at C:\Users\manue\Desktop\Komi\node_modules\tsx\dist\register-D46fvsV_.cjs:3:2630
    at C:\Users\manue\Desktop\Komi\node_modules\tsx\dist\register-D46fvsV_.cjs:3:1542
    at resolveTsPaths (C:\Users\manue\Desktop\Komi\node_modules\tsx\dist\register-D46fvsV_.cjs:4:760)
    at C:\Users\manue\Desktop\Komi\node_modules\tsx\dist\register-D46fvsV_.cjs:4:1102
    at m._resolveFilename (file:///C:/Users/manue/Desktop/Komi/node_modules/tsx/dist/register-B7jrtLTO.mjs:1:789)
    at defaultResolveImpl (node:internal/modules/cjs/loader:1057:19)
    at resolveForCJSWithHooks (node:internal/modules/cjs/loader:1062:22)
    at Function._load (node:internal/modules/cjs/loader:1211:37)
2025-06-15 00:56:45 [ERROR]: Uncaught Exception: Cannot find module './middleware/auth'
Require stack:
- C:\Users\manue\Desktop\Komi\backend\api-gateway\src\index.ts
Error: Cannot find module './middleware/auth'
Require stack:
- C:\Users\manue\Desktop\Komi\backend\api-gateway\src\index.ts
    at node:internal/modules/cjs/loader:1401:15
    at nextResolveSimple (C:\Users\manue\Desktop\Komi\node_modules\tsx\dist\register-D46fvsV_.cjs:4:1004)
    at C:\Users\manue\Desktop\Komi\node_modules\tsx\dist\register-D46fvsV_.cjs:3:2630
    at C:\Users\manue\Desktop\Komi\node_modules\tsx\dist\register-D46fvsV_.cjs:3:1542
    at resolveTsPaths (C:\Users\manue\Desktop\Komi\node_modules\tsx\dist\register-D46fvsV_.cjs:4:760)
    at C:\Users\manue\Desktop\Komi\node_modules\tsx\dist\register-D46fvsV_.cjs:4:1102
    at m._resolveFilename (file:///C:/Users/manue/Desktop/Komi/node_modules/tsx/dist/register-B7jrtLTO.mjs:1:789)
    at defaultResolveImpl (node:internal/modules/cjs/loader:1057:19)
    at resolveForCJSWithHooks (node:internal/modules/cjs/loader:1062:22)
    at Function._load (node:internal/modules/cjs/loader:1211:37)
2025-06-15 00:56:45 [ERROR]: Uncaught Exception: Cannot find module './middleware/auth'
Require stack:
- C:\Users\manue\Desktop\Komi\backend\api-gateway\src\index.ts
Error: Cannot find module './middleware/auth'
Require stack:
- C:\Users\manue\Desktop\Komi\backend\api-gateway\src\index.ts
    at node:internal/modules/cjs/loader:1401:15
    at nextResolveSimple (C:\Users\manue\Desktop\Komi\node_modules\tsx\dist\register-D46fvsV_.cjs:4:1004)
    at C:\Users\manue\Desktop\Komi\node_modules\tsx\dist\register-D46fvsV_.cjs:3:2630
    at C:\Users\manue\Desktop\Komi\node_modules\tsx\dist\register-D46fvsV_.cjs:3:1542
    at resolveTsPaths (C:\Users\manue\Desktop\Komi\node_modules\tsx\dist\register-D46fvsV_.cjs:4:760)
    at C:\Users\manue\Desktop\Komi\node_modules\tsx\dist\register-D46fvsV_.cjs:4:1102
    at m._resolveFilename (file:///C:/Users/manue/Desktop/Komi/node_modules/tsx/dist/register-B7jrtLTO.mjs:1:789)
    at defaultResolveImpl (node:internal/modules/cjs/loader:1057:19)
    at resolveForCJSWithHooks (node:internal/modules/cjs/loader:1062:22)
    at Function._load (node:internal/modules/cjs/loader:1211:37)
2025-06-15 00:56:45 [ERROR]: Uncaught Exception: Cannot find module './middleware/auth'
Require stack:
- C:\Users\manue\Desktop\Komi\backend\api-gateway\src\index.ts
Error: Cannot find module './middleware/auth'
Require stack:
- C:\Users\manue\Desktop\Komi\backend\api-gateway\src\index.ts
    at node:internal/modules/cjs/loader:1401:15
    at nextResolveSimple (C:\Users\manue\Desktop\Komi\node_modules\tsx\dist\register-D46fvsV_.cjs:4:1004)
    at C:\Users\manue\Desktop\Komi\node_modules\tsx\dist\register-D46fvsV_.cjs:3:2630
    at C:\Users\manue\Desktop\Komi\node_modules\tsx\dist\register-D46fvsV_.cjs:3:1542
    at resolveTsPaths (C:\Users\manue\Desktop\Komi\node_modules\tsx\dist\register-D46fvsV_.cjs:4:760)
    at C:\Users\manue\Desktop\Komi\node_modules\tsx\dist\register-D46fvsV_.cjs:4:1102
    at m._resolveFilename (file:///C:/Users/manue/Desktop/Komi/node_modules/tsx/dist/register-B7jrtLTO.mjs:1:789)
    at defaultResolveImpl (node:internal/modules/cjs/loader:1057:19)
    at resolveForCJSWithHooks (node:internal/modules/cjs/loader:1062:22)
    at Function._load (node:internal/modules/cjs/loader:1211:37)
2025-06-15 00:56:46 [ERROR]: Uncaught Exception: Cannot find module './middleware/auth'
Require stack:
- C:\Users\manue\Desktop\Komi\backend\api-gateway\src\index.ts
Error: Cannot find module './middleware/auth'
Require stack:
- C:\Users\manue\Desktop\Komi\backend\api-gateway\src\index.ts
    at node:internal/modules/cjs/loader:1401:15
    at nextResolveSimple (C:\Users\manue\Desktop\Komi\node_modules\tsx\dist\register-D46fvsV_.cjs:4:1004)
    at C:\Users\manue\Desktop\Komi\node_modules\tsx\dist\register-D46fvsV_.cjs:3:2630
    at C:\Users\manue\Desktop\Komi\node_modules\tsx\dist\register-D46fvsV_.cjs:3:1542
    at resolveTsPaths (C:\Users\manue\Desktop\Komi\node_modules\tsx\dist\register-D46fvsV_.cjs:4:760)
    at C:\Users\manue\Desktop\Komi\node_modules\tsx\dist\register-D46fvsV_.cjs:4:1102
    at m._resolveFilename (file:///C:/Users/manue/Desktop/Komi/node_modules/tsx/dist/register-B7jrtLTO.mjs:1:789)
    at defaultResolveImpl (node:internal/modules/cjs/loader:1057:19)
    at resolveForCJSWithHooks (node:internal/modules/cjs/loader:1062:22)
    at Function._load (node:internal/modules/cjs/loader:1211:37)
2025-06-15 00:56:46 [ERROR]: Uncaught Exception: Cannot find module './middleware/auth'
Require stack:
- C:\Users\manue\Desktop\Komi\backend\api-gateway\src\index.ts
Error: Cannot find module './middleware/auth'
Require stack:
- C:\Users\manue\Desktop\Komi\backend\api-gateway\src\index.ts
    at node:internal/modules/cjs/loader:1401:15
    at nextResolveSimple (C:\Users\manue\Desktop\Komi\node_modules\tsx\dist\register-D46fvsV_.cjs:4:1004)
    at C:\Users\manue\Desktop\Komi\node_modules\tsx\dist\register-D46fvsV_.cjs:3:2630
    at C:\Users\manue\Desktop\Komi\node_modules\tsx\dist\register-D46fvsV_.cjs:3:1542
    at resolveTsPaths (C:\Users\manue\Desktop\Komi\node_modules\tsx\dist\register-D46fvsV_.cjs:4:760)
    at C:\Users\manue\Desktop\Komi\node_modules\tsx\dist\register-D46fvsV_.cjs:4:1102
    at m._resolveFilename (file:///C:/Users/manue/Desktop/Komi/node_modules/tsx/dist/register-B7jrtLTO.mjs:1:789)
    at defaultResolveImpl (node:internal/modules/cjs/loader:1057:19)
    at resolveForCJSWithHooks (node:internal/modules/cjs/loader:1062:22)
    at Function._load (node:internal/modules/cjs/loader:1211:37)
2025-06-15 00:56:46 [ERROR]: Uncaught Exception: Cannot find module './middleware/auth'
Require stack:
- C:\Users\manue\Desktop\Komi\backend\api-gateway\src\index.ts
Error: Cannot find module './middleware/auth'
Require stack:
- C:\Users\manue\Desktop\Komi\backend\api-gateway\src\index.ts
    at node:internal/modules/cjs/loader:1401:15
    at nextResolveSimple (C:\Users\manue\Desktop\Komi\node_modules\tsx\dist\register-D46fvsV_.cjs:4:1004)
    at C:\Users\manue\Desktop\Komi\node_modules\tsx\dist\register-D46fvsV_.cjs:3:2630
    at C:\Users\manue\Desktop\Komi\node_modules\tsx\dist\register-D46fvsV_.cjs:3:1542
    at resolveTsPaths (C:\Users\manue\Desktop\Komi\node_modules\tsx\dist\register-D46fvsV_.cjs:4:760)
    at C:\Users\manue\Desktop\Komi\node_modules\tsx\dist\register-D46fvsV_.cjs:4:1102
    at m._resolveFilename (file:///C:/Users/manue/Desktop/Komi/node_modules/tsx/dist/register-B7jrtLTO.mjs:1:789)
    at defaultResolveImpl (node:internal/modules/cjs/loader:1057:19)
    at resolveForCJSWithHooks (node:internal/modules/cjs/loader:1062:22)
    at Function._load (node:internal/modules/cjs/loader:1211:37)
2025-06-15 00:56:47 [ERROR]: Uncaught Exception: Cannot find module './middleware/auth'
Require stack:
- C:\Users\manue\Desktop\Komi\backend\api-gateway\src\index.ts
Error: Cannot find module './middleware/auth'
Require stack:
- C:\Users\manue\Desktop\Komi\backend\api-gateway\src\index.ts
    at node:internal/modules/cjs/loader:1401:15
    at nextResolveSimple (C:\Users\manue\Desktop\Komi\node_modules\tsx\dist\register-D46fvsV_.cjs:4:1004)
    at C:\Users\manue\Desktop\Komi\node_modules\tsx\dist\register-D46fvsV_.cjs:3:2630
    at C:\Users\manue\Desktop\Komi\node_modules\tsx\dist\register-D46fvsV_.cjs:3:1542
    at resolveTsPaths (C:\Users\manue\Desktop\Komi\node_modules\tsx\dist\register-D46fvsV_.cjs:4:760)
    at C:\Users\manue\Desktop\Komi\node_modules\tsx\dist\register-D46fvsV_.cjs:4:1102
    at m._resolveFilename (file:///C:/Users/manue/Desktop/Komi/node_modules/tsx/dist/register-B7jrtLTO.mjs:1:789)
    at defaultResolveImpl (node:internal/modules/cjs/loader:1057:19)
    at resolveForCJSWithHooks (node:internal/modules/cjs/loader:1062:22)
    at Function._load (node:internal/modules/cjs/loader:1211:37)
2025-06-15 00:56:50 [ERROR]: Uncaught Exception: Cannot find module './middleware/auth'
Require stack:
- C:\Users\manue\Desktop\Komi\backend\api-gateway\src\index.ts
Error: Cannot find module './middleware/auth'
Require stack:
- C:\Users\manue\Desktop\Komi\backend\api-gateway\src\index.ts
    at node:internal/modules/cjs/loader:1401:15
    at nextResolveSimple (C:\Users\manue\Desktop\Komi\node_modules\tsx\dist\register-D46fvsV_.cjs:4:1004)
    at C:\Users\manue\Desktop\Komi\node_modules\tsx\dist\register-D46fvsV_.cjs:3:2630
    at C:\Users\manue\Desktop\Komi\node_modules\tsx\dist\register-D46fvsV_.cjs:3:1542
    at resolveTsPaths (C:\Users\manue\Desktop\Komi\node_modules\tsx\dist\register-D46fvsV_.cjs:4:760)
    at C:\Users\manue\Desktop\Komi\node_modules\tsx\dist\register-D46fvsV_.cjs:4:1102
    at m._resolveFilename (file:///C:/Users/manue/Desktop/Komi/node_modules/tsx/dist/register-B7jrtLTO.mjs:1:789)
    at defaultResolveImpl (node:internal/modules/cjs/loader:1057:19)
    at resolveForCJSWithHooks (node:internal/modules/cjs/loader:1062:22)
    at Function._load (node:internal/modules/cjs/loader:1211:37)
2025-06-15 00:56:51 [ERROR]: Uncaught Exception: Cannot find module './middleware/auth'
Require stack:
- C:\Users\manue\Desktop\Komi\backend\api-gateway\src\index.ts
Error: Cannot find module './middleware/auth'
Require stack:
- C:\Users\manue\Desktop\Komi\backend\api-gateway\src\index.ts
    at node:internal/modules/cjs/loader:1401:15
    at nextResolveSimple (C:\Users\manue\Desktop\Komi\node_modules\tsx\dist\register-D46fvsV_.cjs:4:1004)
    at C:\Users\manue\Desktop\Komi\node_modules\tsx\dist\register-D46fvsV_.cjs:3:2630
    at C:\Users\manue\Desktop\Komi\node_modules\tsx\dist\register-D46fvsV_.cjs:3:1542
    at resolveTsPaths (C:\Users\manue\Desktop\Komi\node_modules\tsx\dist\register-D46fvsV_.cjs:4:760)
    at C:\Users\manue\Desktop\Komi\node_modules\tsx\dist\register-D46fvsV_.cjs:4:1102
    at m._resolveFilename (file:///C:/Users/manue/Desktop/Komi/node_modules/tsx/dist/register-B7jrtLTO.mjs:1:789)
    at defaultResolveImpl (node:internal/modules/cjs/loader:1057:19)
    at resolveForCJSWithHooks (node:internal/modules/cjs/loader:1062:22)
    at Function._load (node:internal/modules/cjs/loader:1211:37)
2025-06-15 00:56:51 [ERROR]: Uncaught Exception: Cannot find module './middleware/auth'
Require stack:
- C:\Users\manue\Desktop\Komi\backend\api-gateway\src\index.ts
Error: Cannot find module './middleware/auth'
Require stack:
- C:\Users\manue\Desktop\Komi\backend\api-gateway\src\index.ts
    at node:internal/modules/cjs/loader:1401:15
    at nextResolveSimple (C:\Users\manue\Desktop\Komi\node_modules\tsx\dist\register-D46fvsV_.cjs:4:1004)
    at C:\Users\manue\Desktop\Komi\node_modules\tsx\dist\register-D46fvsV_.cjs:3:2630
    at C:\Users\manue\Desktop\Komi\node_modules\tsx\dist\register-D46fvsV_.cjs:3:1542
    at resolveTsPaths (C:\Users\manue\Desktop\Komi\node_modules\tsx\dist\register-D46fvsV_.cjs:4:760)
    at C:\Users\manue\Desktop\Komi\node_modules\tsx\dist\register-D46fvsV_.cjs:4:1102
    at m._resolveFilename (file:///C:/Users/manue/Desktop/Komi/node_modules/tsx/dist/register-B7jrtLTO.mjs:1:789)
    at defaultResolveImpl (node:internal/modules/cjs/loader:1057:19)
    at resolveForCJSWithHooks (node:internal/modules/cjs/loader:1062:22)
    at Function._load (node:internal/modules/cjs/loader:1211:37)
2025-06-15 00:56:51 [ERROR]: Uncaught Exception: Cannot find module './middleware/auth'
Require stack:
- C:\Users\manue\Desktop\Komi\backend\api-gateway\src\index.ts
Error: Cannot find module './middleware/auth'
Require stack:
- C:\Users\manue\Desktop\Komi\backend\api-gateway\src\index.ts
    at node:internal/modules/cjs/loader:1401:15
    at nextResolveSimple (C:\Users\manue\Desktop\Komi\node_modules\tsx\dist\register-D46fvsV_.cjs:4:1004)
    at C:\Users\manue\Desktop\Komi\node_modules\tsx\dist\register-D46fvsV_.cjs:3:2630
    at C:\Users\manue\Desktop\Komi\node_modules\tsx\dist\register-D46fvsV_.cjs:3:1542
    at resolveTsPaths (C:\Users\manue\Desktop\Komi\node_modules\tsx\dist\register-D46fvsV_.cjs:4:760)
    at C:\Users\manue\Desktop\Komi\node_modules\tsx\dist\register-D46fvsV_.cjs:4:1102
    at m._resolveFilename (file:///C:/Users/manue/Desktop/Komi/node_modules/tsx/dist/register-B7jrtLTO.mjs:1:789)
    at defaultResolveImpl (node:internal/modules/cjs/loader:1057:19)
    at resolveForCJSWithHooks (node:internal/modules/cjs/loader:1062:22)
    at Function._load (node:internal/modules/cjs/loader:1211:37)
2025-06-15 00:56:51 [ERROR]: Uncaught Exception: Cannot find module './middleware/auth'
Require stack:
- C:\Users\manue\Desktop\Komi\backend\api-gateway\src\index.ts
Error: Cannot find module './middleware/auth'
Require stack:
- C:\Users\manue\Desktop\Komi\backend\api-gateway\src\index.ts
    at node:internal/modules/cjs/loader:1401:15
    at nextResolveSimple (C:\Users\manue\Desktop\Komi\node_modules\tsx\dist\register-D46fvsV_.cjs:4:1004)
    at C:\Users\manue\Desktop\Komi\node_modules\tsx\dist\register-D46fvsV_.cjs:3:2630
    at C:\Users\manue\Desktop\Komi\node_modules\tsx\dist\register-D46fvsV_.cjs:3:1542
    at resolveTsPaths (C:\Users\manue\Desktop\Komi\node_modules\tsx\dist\register-D46fvsV_.cjs:4:760)
    at C:\Users\manue\Desktop\Komi\node_modules\tsx\dist\register-D46fvsV_.cjs:4:1102
    at m._resolveFilename (file:///C:/Users/manue/Desktop/Komi/node_modules/tsx/dist/register-B7jrtLTO.mjs:1:789)
    at defaultResolveImpl (node:internal/modules/cjs/loader:1057:19)
    at resolveForCJSWithHooks (node:internal/modules/cjs/loader:1062:22)
    at Function._load (node:internal/modules/cjs/loader:1211:37)
2025-06-15 00:56:51 [ERROR]: Uncaught Exception: Cannot find module './middleware/auth'
Require stack:
- C:\Users\manue\Desktop\Komi\backend\api-gateway\src\index.ts
Error: Cannot find module './middleware/auth'
Require stack:
- C:\Users\manue\Desktop\Komi\backend\api-gateway\src\index.ts
    at node:internal/modules/cjs/loader:1401:15
    at nextResolveSimple (C:\Users\manue\Desktop\Komi\node_modules\tsx\dist\register-D46fvsV_.cjs:4:1004)
    at C:\Users\manue\Desktop\Komi\node_modules\tsx\dist\register-D46fvsV_.cjs:3:2630
    at C:\Users\manue\Desktop\Komi\node_modules\tsx\dist\register-D46fvsV_.cjs:3:1542
    at resolveTsPaths (C:\Users\manue\Desktop\Komi\node_modules\tsx\dist\register-D46fvsV_.cjs:4:760)
    at C:\Users\manue\Desktop\Komi\node_modules\tsx\dist\register-D46fvsV_.cjs:4:1102
    at m._resolveFilename (file:///C:/Users/manue/Desktop/Komi/node_modules/tsx/dist/register-B7jrtLTO.mjs:1:789)
    at defaultResolveImpl (node:internal/modules/cjs/loader:1057:19)
    at resolveForCJSWithHooks (node:internal/modules/cjs/loader:1062:22)
    at Function._load (node:internal/modules/cjs/loader:1211:37)
2025-06-15 00:56:52 [ERROR]: Uncaught Exception: Cannot find module './middleware/auth'
Require stack:
- C:\Users\manue\Desktop\Komi\backend\api-gateway\src\index.ts
Error: Cannot find module './middleware/auth'
Require stack:
- C:\Users\manue\Desktop\Komi\backend\api-gateway\src\index.ts
    at node:internal/modules/cjs/loader:1401:15
    at nextResolveSimple (C:\Users\manue\Desktop\Komi\node_modules\tsx\dist\register-D46fvsV_.cjs:4:1004)
    at C:\Users\manue\Desktop\Komi\node_modules\tsx\dist\register-D46fvsV_.cjs:3:2630
    at C:\Users\manue\Desktop\Komi\node_modules\tsx\dist\register-D46fvsV_.cjs:3:1542
    at resolveTsPaths (C:\Users\manue\Desktop\Komi\node_modules\tsx\dist\register-D46fvsV_.cjs:4:760)
    at C:\Users\manue\Desktop\Komi\node_modules\tsx\dist\register-D46fvsV_.cjs:4:1102
    at m._resolveFilename (file:///C:/Users/manue/Desktop/Komi/node_modules/tsx/dist/register-B7jrtLTO.mjs:1:789)
    at defaultResolveImpl (node:internal/modules/cjs/loader:1057:19)
    at resolveForCJSWithHooks (node:internal/modules/cjs/loader:1062:22)
    at Function._load (node:internal/modules/cjs/loader:1211:37)
2025-06-15 00:56:52 [ERROR]: Uncaught Exception: Cannot find module './middleware/auth'
Require stack:
- C:\Users\manue\Desktop\Komi\backend\api-gateway\src\index.ts
Error: Cannot find module './middleware/auth'
Require stack:
- C:\Users\manue\Desktop\Komi\backend\api-gateway\src\index.ts
    at node:internal/modules/cjs/loader:1401:15
    at nextResolveSimple (C:\Users\manue\Desktop\Komi\node_modules\tsx\dist\register-D46fvsV_.cjs:4:1004)
    at C:\Users\manue\Desktop\Komi\node_modules\tsx\dist\register-D46fvsV_.cjs:3:2630
    at C:\Users\manue\Desktop\Komi\node_modules\tsx\dist\register-D46fvsV_.cjs:3:1542
    at resolveTsPaths (C:\Users\manue\Desktop\Komi\node_modules\tsx\dist\register-D46fvsV_.cjs:4:760)
    at C:\Users\manue\Desktop\Komi\node_modules\tsx\dist\register-D46fvsV_.cjs:4:1102
    at m._resolveFilename (file:///C:/Users/manue/Desktop/Komi/node_modules/tsx/dist/register-B7jrtLTO.mjs:1:789)
    at defaultResolveImpl (node:internal/modules/cjs/loader:1057:19)
    at resolveForCJSWithHooks (node:internal/modules/cjs/loader:1062:22)
    at Function._load (node:internal/modules/cjs/loader:1211:37)
2025-06-15 00:56:52 [ERROR]: Uncaught Exception: Cannot find module './middleware/auth'
Require stack:
- C:\Users\manue\Desktop\Komi\backend\api-gateway\src\index.ts
Error: Cannot find module './middleware/auth'
Require stack:
- C:\Users\manue\Desktop\Komi\backend\api-gateway\src\index.ts
    at node:internal/modules/cjs/loader:1401:15
    at nextResolveSimple (C:\Users\manue\Desktop\Komi\node_modules\tsx\dist\register-D46fvsV_.cjs:4:1004)
    at C:\Users\manue\Desktop\Komi\node_modules\tsx\dist\register-D46fvsV_.cjs:3:2630
    at C:\Users\manue\Desktop\Komi\node_modules\tsx\dist\register-D46fvsV_.cjs:3:1542
    at resolveTsPaths (C:\Users\manue\Desktop\Komi\node_modules\tsx\dist\register-D46fvsV_.cjs:4:760)
    at C:\Users\manue\Desktop\Komi\node_modules\tsx\dist\register-D46fvsV_.cjs:4:1102
    at m._resolveFilename (file:///C:/Users/manue/Desktop/Komi/node_modules/tsx/dist/register-B7jrtLTO.mjs:1:789)
    at defaultResolveImpl (node:internal/modules/cjs/loader:1057:19)
    at resolveForCJSWithHooks (node:internal/modules/cjs/loader:1062:22)
    at Function._load (node:internal/modules/cjs/loader:1211:37)
2025-06-15 00:56:53 [ERROR]: Uncaught Exception: Cannot find module './middleware/auth'
Require stack:
- C:\Users\manue\Desktop\Komi\backend\api-gateway\src\index.ts
Error: Cannot find module './middleware/auth'
Require stack:
- C:\Users\manue\Desktop\Komi\backend\api-gateway\src\index.ts
    at node:internal/modules/cjs/loader:1401:15
    at nextResolveSimple (C:\Users\manue\Desktop\Komi\node_modules\tsx\dist\register-D46fvsV_.cjs:4:1004)
    at C:\Users\manue\Desktop\Komi\node_modules\tsx\dist\register-D46fvsV_.cjs:3:2630
    at C:\Users\manue\Desktop\Komi\node_modules\tsx\dist\register-D46fvsV_.cjs:3:1542
    at resolveTsPaths (C:\Users\manue\Desktop\Komi\node_modules\tsx\dist\register-D46fvsV_.cjs:4:760)
    at C:\Users\manue\Desktop\Komi\node_modules\tsx\dist\register-D46fvsV_.cjs:4:1102
    at m._resolveFilename (file:///C:/Users/manue/Desktop/Komi/node_modules/tsx/dist/register-B7jrtLTO.mjs:1:789)
    at defaultResolveImpl (node:internal/modules/cjs/loader:1057:19)
    at resolveForCJSWithHooks (node:internal/modules/cjs/loader:1062:22)
    at Function._load (node:internal/modules/cjs/loader:1211:37)
2025-06-15 00:56:54 [ERROR]: Uncaught Exception: Cannot find module './middleware/auth'
Require stack:
- C:\Users\manue\Desktop\Komi\backend\api-gateway\src\index.ts
Error: Cannot find module './middleware/auth'
Require stack:
- C:\Users\manue\Desktop\Komi\backend\api-gateway\src\index.ts
    at node:internal/modules/cjs/loader:1401:15
    at nextResolveSimple (C:\Users\manue\Desktop\Komi\node_modules\tsx\dist\register-D46fvsV_.cjs:4:1004)
    at C:\Users\manue\Desktop\Komi\node_modules\tsx\dist\register-D46fvsV_.cjs:3:2630
    at C:\Users\manue\Desktop\Komi\node_modules\tsx\dist\register-D46fvsV_.cjs:3:1542
    at resolveTsPaths (C:\Users\manue\Desktop\Komi\node_modules\tsx\dist\register-D46fvsV_.cjs:4:760)
    at C:\Users\manue\Desktop\Komi\node_modules\tsx\dist\register-D46fvsV_.cjs:4:1102
    at m._resolveFilename (file:///C:/Users/manue/Desktop/Komi/node_modules/tsx/dist/register-B7jrtLTO.mjs:1:789)
    at defaultResolveImpl (node:internal/modules/cjs/loader:1057:19)
    at resolveForCJSWithHooks (node:internal/modules/cjs/loader:1062:22)
    at Function._load (node:internal/modules/cjs/loader:1211:37)
2025-06-15 00:56:56 [ERROR]: Uncaught Exception: Cannot find module './middleware/auth'
Require stack:
- C:\Users\manue\Desktop\Komi\backend\api-gateway\src\index.ts
Error: Cannot find module './middleware/auth'
Require stack:
- C:\Users\manue\Desktop\Komi\backend\api-gateway\src\index.ts
    at node:internal/modules/cjs/loader:1401:15
    at nextResolveSimple (C:\Users\manue\Desktop\Komi\node_modules\tsx\dist\register-D46fvsV_.cjs:4:1004)
    at C:\Users\manue\Desktop\Komi\node_modules\tsx\dist\register-D46fvsV_.cjs:3:2630
    at C:\Users\manue\Desktop\Komi\node_modules\tsx\dist\register-D46fvsV_.cjs:3:1542
    at resolveTsPaths (C:\Users\manue\Desktop\Komi\node_modules\tsx\dist\register-D46fvsV_.cjs:4:760)
    at C:\Users\manue\Desktop\Komi\node_modules\tsx\dist\register-D46fvsV_.cjs:4:1102
    at m._resolveFilename (file:///C:/Users/manue/Desktop/Komi/node_modules/tsx/dist/register-B7jrtLTO.mjs:1:789)
    at defaultResolveImpl (node:internal/modules/cjs/loader:1057:19)
    at resolveForCJSWithHooks (node:internal/modules/cjs/loader:1062:22)
    at Function._load (node:internal/modules/cjs/loader:1211:37)
2025-06-15 00:56:56 [ERROR]: Uncaught Exception: Cannot find module './middleware/auth'
Require stack:
- C:\Users\manue\Desktop\Komi\backend\api-gateway\src\index.ts
Error: Cannot find module './middleware/auth'
Require stack:
- C:\Users\manue\Desktop\Komi\backend\api-gateway\src\index.ts
    at node:internal/modules/cjs/loader:1401:15
    at nextResolveSimple (C:\Users\manue\Desktop\Komi\node_modules\tsx\dist\register-D46fvsV_.cjs:4:1004)
    at C:\Users\manue\Desktop\Komi\node_modules\tsx\dist\register-D46fvsV_.cjs:3:2630
    at C:\Users\manue\Desktop\Komi\node_modules\tsx\dist\register-D46fvsV_.cjs:3:1542
    at resolveTsPaths (C:\Users\manue\Desktop\Komi\node_modules\tsx\dist\register-D46fvsV_.cjs:4:760)
    at C:\Users\manue\Desktop\Komi\node_modules\tsx\dist\register-D46fvsV_.cjs:4:1102
    at m._resolveFilename (file:///C:/Users/manue/Desktop/Komi/node_modules/tsx/dist/register-B7jrtLTO.mjs:1:789)
    at defaultResolveImpl (node:internal/modules/cjs/loader:1057:19)
    at resolveForCJSWithHooks (node:internal/modules/cjs/loader:1062:22)
    at Function._load (node:internal/modules/cjs/loader:1211:37)
